{
  "stats": {
    "suites": 1,
    "tests": 1,
    "passes": 0,
    "pending": 0,
    "failures": 1,
    "start": "2024-11-14T09:23:20.863Z",
    "end": "2024-11-14T09:23:21.237Z",
    "duration": 374,
    "testsRegistered": 1,
    "passPercent": 0,
    "pendingPercent": 0,
    "other": 0,
    "hasOther": false,
    "skipped": 0,
    "hasSkipped": false
  },
  "results": [
    {
      "uuid": "dba15fc9-7799-4841-992e-2a118c861bd2",
      "title": "",
      "fullFile": "cypress\\e2e\\loinpage.cy.js",
      "file": "cypress\\e2e\\loinpage.cy.js",
      "beforeHooks": [],
      "afterHooks": [],
      "tests": [],
      "suites": [
        {
          "uuid": "68a93963-3116-424d-bde4-f42227ff38b7",
          "title": "template spec",
          "fullFile": "",
          "file": "",
          "beforeHooks": [],
          "afterHooks": [],
          "tests": [
            {
              "title": "POM TC LOGIN",
              "fullTitle": "template spec POM TC LOGIN",
              "timedOut": null,
              "duration": 228,
              "state": "failed",
              "speed": null,
              "pass": false,
              "fail": true,
              "pending": false,
              "context": null,
              "code": "cy.visit('https://opensource-demo.orangehrmlive.com/web/index.php/auth/login');\nconst ln = new _LoginPage.default();\nln.setUserName(\"Admin\");\nln.setPassWord(\"admin123\");\nln.clickSubmit();\nln.verifyLogin();",
              "err": {
                "message": "TypeError: _LoginPage.default is not a constructor",
                "estack": "TypeError: _LoginPage.default is not a constructor\n    at Context.eval (webpack://cypress2/./cypress/e2e/loinpage.cy.js:6:19)",
                "diff": null
              },
              "uuid": "7acbe0f6-a872-437f-86b7-b56a21fa898a",
              "parentUUID": "68a93963-3116-424d-bde4-f42227ff38b7",
              "isHook": false,
              "skipped": false
            }
          ],
          "suites": [],
          "passes": [],
          "failures": [
            "7acbe0f6-a872-437f-86b7-b56a21fa898a"
          ],
          "pending": [],
          "skipped": [],
          "duration": 228,
          "root": false,
          "rootEmpty": false,
          "_timeout": 2000
        }
      ],
      "passes": [],
      "failures": [],
      "pending": [],
      "skipped": [],
      "duration": 0,
      "root": true,
      "rootEmpty": true,
      "_timeout": 2000
    }
  ],
  "meta": {
    "mocha": {
      "version": "7.0.1"
    },
    "mochawesome": {
      "options": {
        "quiet": false,
        "reportFilename": "mochawesome",
        "saveHtml": false,
        "saveJson": true,
        "consoleReporter": "spec",
        "useInlineDiffs": false,
        "code": true
      },
      "version": "7.1.3"
    },
    "marge": {
      "options": {
        "overwrite": false,
        "html": false,
        "json": true,
        "reportDir": "cypress\\reports\\html\\.jsons"
      },
      "version": "6.2.0"
    }
  }
}